0 info it worked if it ends with ok
1 verbose cli [ 'C:\\Program Files\\nodejs\\node.exe',
1 verbose cli   'C:\\Users\\Yuva\\AppData\\Roaming\\npm\\node_modules\\npm\\bin\\npm-cli.js',
1 verbose cli   'run',
1 verbose cli   'lite' ]
2 info using npm@3.10.9
3 info using node@v7.0.0
4 verbose run-script [ 'prelite', 'lite', 'postlite' ]
5 info lifecycle confusion@1.0.0~prelite: confusion@1.0.0
6 silly lifecycle confusion@1.0.0~prelite: no script for prelite, continuing
7 info lifecycle confusion@1.0.0~lite: confusion@1.0.0
8 verbose lifecycle confusion@1.0.0~lite: unsafe-perm in lifecycle true
9 verbose lifecycle confusion@1.0.0~lite: PATH: C:\Users\Yuva\AppData\Roaming\npm\node_modules\npm\bin\node-gyp-bin;D:\Coursera\bootstrap4\Front-end Web UI Frameworks Overview Bootstrap\week1\Welcome to Front-End Web UI Frameworks and Tools Bootstrap 4\Bootstrap4\conFusion\node_modules\.bin;C:\Users\Yuva\AppData\Roaming\npm\node_modules\npm\bin\node-gyp-bin;D:\Coursera\bootstrap4\Front-end Web UI Frameworks Overview Bootstrap\week1\Welcome to Front-End Web UI Frameworks and Tools Bootstrap 4\Bootstrap4\conFusion\node_modules\.bin;C:\Program Files\Python35-32\Scripts\;C:\Program Files\Python35-32\;C:\ProgramData\Oracle\Java\javapath;C:\WINDOWS\system32;C:\WINDOWS;C:\WINDOWS\System32\Wbem;C:\WINDOWS\System32\WindowsPowerShell\v1.0\;C:\Program Files\Common Files\Autodesk Shared\;C:\Program Files\nodejs\;C:\Program Files\MongoDB\Server\3.2\bin\;C:\Program Files\Git\cmd;C:\Program Files\WinAnt\bin;C:\Program Files\Skype\Phone\;C:\Program Files\Microsoft SQL Server\120\Tools\Binn\;C:\Program Files\dotnet\;D:\New folder (2)\Gtk\bin;C:\Ruby23\bin;C:\Users\Yuva\AppData\Local\Microsoft\WindowsApps;C:\Users\Yuva\AppData\Roaming\npm;C:\Program Files\Microsoft VS Code\bin;C:\Program Files\WinAnt\bin
10 verbose lifecycle confusion@1.0.0~lite: CWD: D:\Coursera\bootstrap4\Front-end Web UI Frameworks Overview Bootstrap\week1\Welcome to Front-End Web UI Frameworks and Tools Bootstrap 4\Bootstrap4\conFusion
11 silly lifecycle confusion@1.0.0~lite: Args: [ '/d /s /c', 'lite-server' ]
12 silly lifecycle confusion@1.0.0~lite: Returned: code: 3221225786  signal: null
13 info lifecycle confusion@1.0.0~lite: Failed to exec lite script
14 verbose stack Error: confusion@1.0.0 lite: `lite-server`
14 verbose stack Exit status 3221225786
14 verbose stack     at EventEmitter.<anonymous> (C:\Users\Yuva\AppData\Roaming\npm\node_modules\npm\lib\utils\lifecycle.js:255:16)
14 verbose stack     at emitTwo (events.js:106:13)
14 verbose stack     at EventEmitter.emit (events.js:191:7)
14 verbose stack     at ChildProcess.<anonymous> (C:\Users\Yuva\AppData\Roaming\npm\node_modules\npm\lib\utils\spawn.js:40:14)
14 verbose stack     at emitTwo (events.js:106:13)
14 verbose stack     at ChildProcess.emit (events.js:191:7)
14 verbose stack     at maybeClose (internal/child_process.js:877:16)
14 verbose stack     at Process.ChildProcess._handle.onexit (internal/child_process.js:226:5)
15 verbose pkgid confusion@1.0.0
16 verbose cwd D:\Coursera\bootstrap4\Front-end Web UI Frameworks Overview Bootstrap\week1\Welcome to Front-End Web UI Frameworks and Tools Bootstrap 4\Bootstrap4\conFusion
17 error Windows_NT 10.0.14393
18 error argv "C:\\Program Files\\nodejs\\node.exe" "C:\\Users\\Yuva\\AppData\\Roaming\\npm\\node_modules\\npm\\bin\\npm-cli.js" "run" "lite"
19 error node v7.0.0
20 error npm  v3.10.9
21 error code ELIFECYCLE
22 error confusion@1.0.0 lite: `lite-server`
22 error Exit status 3221225786
23 error Failed at the confusion@1.0.0 lite script 'lite-server'.
23 error Make sure you have the latest version of node.js and npm installed.
23 error If you do, this is most likely a problem with the confusion package,
23 error not with npm itself.
23 error Tell the author that this fails on your system:
23 error     lite-server
23 error You can get information on how to open an issue for this project with:
23 error     npm bugs confusion
23 error Or if that isn't available, you can get their info via:
23 error     npm owner ls confusion
23 error There is likely additional logging output above.
24 verbose exit [ 1, true ]
